问题：关于npm ERR! **@**dev: `webpack-dev-server --inline --progress --config‘
npm uninstall webpack-dev-server
npm install webpack-dev-server@2.9.1
npm run dev

问题：VUE Error: Cannot find module 'array-includes'? 报错原因及解决办法
删除项目中node_modules文件夹 ，
执行 npm cache clean 命令清除掉cache缓存，
npm install 重新安装依赖后，npm run dev 运行项目。


npm install --global --production windows-build-tools



webpack@5.54.0
webpack-dev-server@4.3.0 |
 
 
 

节点 1 上的项目“D:\ihrm\SaaS_IHRM_Vue-master\node_modules\node-sass\build\binding.sln”(默认目标)。
ValidateSolutionConfiguration:
  正在生成解决方案配置“Release|x64”。
项目“D:\ihrm\SaaS_IHRM_Vue-master\node_modules\node-sass\build\binding.sln”(1)正在节点 1 上生成“D:\ihrm\SaaS_IHRM_Vue-master\node_modules\node-sass\build\binding.vcxproj.metaproj”(2) (默
认目标)。
项目“D:\ihrm\SaaS_IHRM_Vue-master\node_modules\node-sass\build\binding.vcxproj.metaproj”(2)正在节点 1 上生成“D:\ihrm\SaaS_IHRM_Vue-master\node_modules\node-sass\build\src\libsass.vcxpro
j”(3) (默认目标)。
D:\ihrm\SaaS_IHRM_Vue-master\node_modules\node-sass\build\src\libsass.vcxproj(20,3): error MSB4019: 找不到导入的项目“D:\workTool\VILSUALSTUDIO\SORF\MSBuild\Microsoft\VC\v160\Microsoft.
Cpp.Default.props”。请确认 Import 声明“D:\workTool\VILSUALSTUDIO\SORF\MSBuild\Microsoft\VC\v160\\Microsoft.Cpp.Default.props”中的表达式正确，且文件位于磁盘上。
已完成生成项目“D:\ihrm\SaaS_IHRM_Vue-master\node_modules\node-sass\build\src\libsass.vcxproj”(默认目标)的操作 - 失败。

已完成生成项目“D:\ihrm\SaaS_IHRM_Vue-master\node_modules\node-sass\build\binding.vcxproj.metaproj”(默认目标)的操作 - 失败。

已完成生成项目“D:\ihrm\SaaS_IHRM_Vue-master\node_modules\node-sass\build\binding.sln”(默认目标)的操作 - 失败。


生成失败。

“D:\ihrm\SaaS_IHRM_Vue-master\node_modules\node-sass\build\binding.sln”(默认目标) (1) ->
“D:\ihrm\SaaS_IHRM_Vue-master\node_modules\node-sass\build\binding.vcxproj.metaproj”(默认目标) (2) ->
“D:\ihrm\SaaS_IHRM_Vue-master\node_modules\node-sass\build\src\libsass.vcxproj”(默认目标) (3) ->
  D:\ihrm\SaaS_IHRM_Vue-master\node_modules\node-sass\build\src\libsass.vcxproj(20,3): error MSB4019: 找不到导入的项目“D:\workTool\VILSUALSTUDIO\SORF\MSBuild\Microsoft\VC\v160\Microsof
t.Cpp.Default.props”。请确认 Import 声明“D:\workTool\VILSUALSTUDIO\SORF\MSBuild\Microsoft\VC\v160\\Microsoft.Cpp.Default.props”中的表达式正确，且文件位于磁盘上。

    0 个警告
    1 个错误

已用时间 00:00:00.20
gyp ERR! build error
gyp ERR! stack Error: `msbuild` failed with exit code: 1
gyp ERR! stack     at ChildProcess.onExit (D:\ihrm\SaaS_IHRM_Vue-master\node_modules\node-gyp\lib\build.js:262:23)
gyp ERR! stack     at ChildProcess.emit (events.js:400:28)
gyp ERR! stack     at Process.ChildProcess._handle.onexit (internal/child_process.js:277:12)
gyp ERR! System Windows_NT 10.0.19041
gyp ERR! command "D:\\workTool\\NODEJS\\node.exe" "D:\\ihrm\\SaaS_IHRM_Vue-master\\node_modules\\node-gyp\\bin\\node-gyp.js" "rebuild" "--verbose" "--libsass_ext=" "--libsass_cflags=" "--libsass_ldflags=" "--libsass_library="
gyp ERR! cwd D:\ihrm\SaaS_IHRM_Vue-master\node_modules\node-sass
gyp ERR! node -v v14.17.6
gyp ERR! node-gyp -v v3.8.0
gyp ERR! not ok
Build failed with error code: 1
npm WARN axios@0.18.0 had bundled packages that do not match the required version(s). They have been replaced with non-bundled versions.
npm WARN babel-loader@7.1.4 requires a peer of webpack@2 || 3 || 4 but none is installed. You must install peer dependencies yourself.
npm WARN extract-text-webpack-plugin@3.0.2 requires a peer of webpack@^3.1.0 but none is installed. You must install peer dependencies yourself.
npm WARN file-loader@1.1.11 requires a peer of webpack@^2.0.0 || ^3.0.0 || ^4.0.0 but none is installed. You must install peer dependencies yourself.
npm WARN schema-utils@0.4.5 requires a peer of webpack@^2.0.0 || ^3.0.0 || ^4.0.0 but none is installed. You must install peer dependencies yourself.
npm WARN html-webpack-plugin@2.30.1 requires a peer of webpack@1 || ^2 || ^2.1.0-beta || ^2.2.0-rc || ^3 but none is installed. You must install peer dependencies yourself.
npm WARN schema-utils@0.4.5 requires a peer of webpack@^2.0.0 || ^3.0.0 || ^4.0.0 but none is installed. You must install peer dependencies yourself.
npm WARN sass-loader@6.0.7 requires a peer of webpack@^2.0.0 || ^3.0.0 || ^4.0.0 but none is installed. You must install peer dependencies yourself.
npm WARN uglifyjs-webpack-plugin@1.3.0 requires a peer of webpack@^2.0.0 || ^3.0.0 || ^4.0.0 but none is installed. You must install peer dependencies yourself.
npm WARN acorn-import-assertions@1.7.6 requires a peer of acorn@^8 but none is installed. You must install peer dependencies yourself.
npm WARN optional SKIPPING OPTIONAL DEPENDENCY: fsevents@1.2.13 (node_modules\fsevents):
npm WARN notsup SKIPPING OPTIONAL DEPENDENCY: Unsupported platform for fsevents@1.2.13: wanted {"os":"darwin","arch":"any"} (current: {"os":"win32","arch":"x64"})

npm ERR! code ELIFECYCLE
npm ERR! errno 1
npm ERR! node-sass@4.8.3 postinstall: `node scripts/build.js`
npm ERR! Exit status 1
npm ERR!
npm ERR! Failed at the node-sass@4.8.3 postinstall script.
npm ERR! This is probably not a problem with npm. There is likely additional logging output above.

npm ERR! A complete log of this run can be found in:
npm ERR!     C:\Users\管\AppData\Roaming\npm-cache\_logs\2021-09-27T18_07_41_126Z-debug.log